<?xml version="1.0" encoding="UTF-8"?>
<!-- Generated by org.testng.reporters.JUnitXMLReporter -->
<testsuite hostname="DESKTOP-E4PH7S5" ignored="4" name="Default test" tests="1" failures="0" timestamp="14 Oct 2018 18:14:05 GMT" time="10.23" errors="0">
  <testcase name="verifyLogoutLink" time="0.345" classname="com.jbk.TestCases.DashboardPageTest"/>
  <testcase name="verifyUserLink" time="0.0" classname="com.jbk.TestCases.DashboardPageTest">
    <ignored/>
  </testcase> <!-- verifyUserLink -->
  <testcase name="verifyDashboardPageTitle" time="0.0" classname="com.jbk.TestCases.DashboardPageTest">
    <ignored/>
  </testcase> <!-- verifyDashboardPageTitle -->
  <testcase name="verifyDashboardPageLabel" time="0.0" classname="com.jbk.TestCases.DashboardPageTest">
    <ignored/>
  </testcase> <!-- verifyDashboardPageLabel -->
  <testcase name="verifyLoggedUser" time="0.0" classname="com.jbk.TestCases.DashboardPageTest">
    <ignored/>
  </testcase> <!-- verifyLoggedUser -->
</testsuite> <!-- Default test -->
