<?xml version="1.0" encoding="UTF-8" ?>
<testsuite tests="21" failures="3" name="TestSuite" time="21.968" errors="0" skipped="0">
  <properties>
[...]
</properties>
  <testcase classname="com.jbk.TestCases.AddUserPageTest" name="verifyAddUserPageTitle" time="0.02"/>
  <testcase classname="com.jbk.TestCases.DashboardPageTest" name="verifyDashboardPageTitle" time="0.03"/>
  <testcase classname="com.jbk.TestCases.LoginPageTest" name="verifyLogin" time="3.632"/>
  <testcase classname="com.jbk.TestCases.OperatorPageTest" name="verifyOperatorPageTitle" time="0.011"/>
  <testcase classname="com.jbk.TestCases.UserPageTest" name="verifyUserPageTitle" time="0.02"/>
  <testcase classname="com.jbk.TestCases.AddUserPageTest" name="verifyAddUserPageLabel" time="0.173">
    <failure message="expected [Add User] but found [Add Userv]" type="java.lang.AssertionError">java.lang.AssertionError: expected [Add User] but found [Add Userv]
	at org.testng.Assert.fail(Assert.java:94)
	at org.testng.Assert.failNotEquals(Assert.java:513)
	at org.testng.Assert.assertEqualsImpl(Assert.java:135)
	at org.testng.Assert.assertEquals(Assert.java:116)
	at org.testng.Assert.assertEquals(Assert.java:190)
	at org.testng.Assert.assertEquals(Assert.java:200)
	at com.jbk.TestCases.AddUserPageTest.verifyAddUserPageLabel(AddUserPageTest.java:53)
</failure>
    <system-err>Starting ChromeDriver 2.40.565498 (ea082db3280dd6843ebfb08a625e3eb905c4f5ab) on port 4320
Only local connections are allowed.
Oct 18, 2018 5:13:32 PM org.openqa.selenium.remote.ProtocolHandshake createSession
INFO: Detected dialect: OSS
</system-err>
  </testcase>
  <testcase classname="com.jbk.TestCases.DashboardPageTest" name="verifyDashboardPageLabel" time="0.082"/>
  <testcase classname="com.jbk.TestCases.LoginPageTest" name="verifyLoginPageTitle" time="0.03"/>
  <testcase classname="com.jbk.TestCases.OperatorPageTest" name="verifyOperatorPageLabel" time="0.088"/>
  <testcase classname="com.jbk.TestCases.UserPageTest" name="verifyUserPageLabel" time="0.17"/>
  <testcase classname="com.jbk.TestCases.AddUserPageTest" name="verifyAddUserPageFormLables" time="0.584"/>
  <testcase classname="com.jbk.TestCases.DashboardPageTest" name="verifyLoggedUser" time="0.077"/>
  <testcase classname="com.jbk.TestCases.LoginPageTest" name="verifyLoginPageHeading" time="0.133"/>
  <testcase classname="com.jbk.TestCases.OperatorPageTest" name="verifyOperatorPageTableLabel" time="0.092"/>
  <testcase classname="com.jbk.TestCases.UserPageTest" name="verifyLoginPageBtn" time="0.854"/>
  <testcase classname="com.jbk.TestCases.AddUserPageTest" name="verifyAddUserForm" time="11.032">
    <failure message="Cannot locate element with text: State
For documentation on this error, please visit: http://seleniumhq.org/exceptions/no_such_element.html
Build info: version: &apos;3.8.0&apos;, revision: &apos;924c4067df&apos;, time: &apos;2017-11-30T11:20:39.408Z&apos;
System info: host: &apos;DESKTOP-E4PH7S5&apos;, ip: &apos;192.168.0.115&apos;, os.name: &apos;Windows 10&apos;, os.arch: &apos;amd64&apos;, os.version: &apos;10.0&apos;, java.version: &apos;1.8.0_144&apos;
Driver info: driver.version: unknown" type="org.openqa.selenium.NoSuchElementException">org.openqa.selenium.NoSuchElementException: Cannot locate element with text: State
For documentation on this error, please visit: http://seleniumhq.org/exceptions/no_such_element.html
Build info: version: &apos;3.8.0&apos;, revision: &apos;924c4067df&apos;, time: &apos;2017-11-30T11:20:39.408Z&apos;
System info: host: &apos;DESKTOP-E4PH7S5&apos;, ip: &apos;192.168.0.115&apos;, os.name: &apos;Windows 10&apos;, os.arch: &apos;amd64&apos;, os.version: &apos;10.0&apos;, java.version: &apos;1.8.0_144&apos;
Driver info: driver.version: unknown
	at org.openqa.selenium.support.ui.Select.selectByVisibleText(Select.java:151)
	at com.jbk.Pages.AddUserPage.addNewUserTest(AddUserPage.java:106)
	at com.jbk.TestCases.AddUserPageTest.verifyAddUserForm(AddUserPageTest.java:77)
</failure>
    <system-err>Starting ChromeDriver 2.40.565498 (ea082db3280dd6843ebfb08a625e3eb905c4f5ab) on port 9787
Only local connections are allowed.
Oct 18, 2018 5:16:10 PM org.openqa.selenium.remote.ProtocolHandshake createSession
INFO: Detected dialect: OSS
</system-err>
  </testcase>
  <testcase classname="com.jbk.TestCases.AddUserPageTest" name="verifyAddUserForm" time="1.9"/>
  <testcase classname="com.jbk.TestCases.AddUserPageTest" name="verifyAddUserForm" time="1.716"/>
  <testcase classname="com.jbk.TestCases.OperatorPageTest" name="verifyOperatorTableHeading" time="0.2">
    <failure message="expected [Operator] but found [Reason]" type="java.lang.AssertionError">java.lang.AssertionError: expected [Operator] but found [Reason]
	at org.testng.Assert.fail(Assert.java:94)
	at org.testng.Assert.failNotEquals(Assert.java:513)
	at org.testng.Assert.assertEqualsImpl(Assert.java:135)
	at org.testng.Assert.assertEquals(Assert.java:116)
	at org.testng.Assert.assertEquals(Assert.java:190)
	at org.testng.Assert.assertEquals(Assert.java:200)
	at com.jbk.TestCases.OperatorPageTest.verifyOperatorTableHeading(OperatorPageTest.java:60)
</failure>
    <system-err>Starting ChromeDriver 2.40.565498 (ea082db3280dd6843ebfb08a625e3eb905c4f5ab) on port 8058
Only local connections are allowed.
Oct 18, 2018 5:17:04 PM org.openqa.selenium.remote.ProtocolHandshake createSession
INFO: Detected dialect: OSS
</system-err>
  </testcase>
  <testcase classname="com.jbk.TestCases.DashboardPageTest" name="verifyUserLink" time="0.689"/>
  <testcase classname="com.jbk.TestCases.DashboardPageTest" name="verifyLogoutLink" time="0.435"/>
</testsuite>